c:\users\asus\source\repos\oppo№1\oppo№1\x64\debug\vc143.pdb
c:\users\asus\source\repos\oppo№1\oppo№1\x64\debug\vc143.idb
c:\users\asus\source\repos\oppo№1\oppo№1\x64\debug\tests.obj
c:\users\asus\source\repos\oppo№1\oppo№1\x64\debug\realestatesorter.obj
c:\users\asus\source\repos\oppo№1\oppo№1\x64\debug\realestateparser.obj
c:\users\asus\source\repos\oppo№1\oppo№1\x64\debug\realestatefilter.obj
c:\users\asus\source\repos\oppo№1\oppo№1\x64\debug\realestate.obj
c:\users\asus\source\repos\oppo№1\oppo№1\x64\debug\oppo№1.obj
c:\users\asus\source\repos\oppo№1\oppo№1\x64\debug\catch_amalgamated.obj
c:\users\asus\source\repos\oppo№1\oppo№1\x64\debug\date_utils.obj
c:\users\asus\source\repos\oppo№1\x64\debug\oppo№1.exe
c:\users\asus\source\repos\oppo№1\x64\debug\oppo№1.pdb
c:\users\asus\source\repos\oppo№1\oppo№1\x64\debug\oppo№1.ilk
c:\users\asus\source\repos\oppo№1\oppo№1\x64\debug\oppo№1.tlog\cl.command.1.tlog
c:\users\asus\source\repos\oppo№1\oppo№1\x64\debug\oppo№1.tlog\cl.items.tlog
c:\users\asus\source\repos\oppo№1\oppo№1\x64\debug\oppo№1.tlog\cl.read.1.tlog
c:\users\asus\source\repos\oppo№1\oppo№1\x64\debug\oppo№1.tlog\cl.write.1.tlog
c:\users\asus\source\repos\oppo№1\oppo№1\x64\debug\oppo№1.tlog\link.command.1.tlog
c:\users\asus\source\repos\oppo№1\oppo№1\x64\debug\oppo№1.tlog\link.read.1.tlog
c:\users\asus\source\repos\oppo№1\oppo№1\x64\debug\oppo№1.tlog\link.secondary.1.tlog
c:\users\asus\source\repos\oppo№1\oppo№1\x64\debug\oppo№1.tlog\link.write.1.tlog
